#
# There is insufficient memory for the Java Runtime Environment to continue.
# Cannot create GC thread. Out of system resources.
# Possible reasons:
#   The system is out of physical RAM or swap space
#   In 32 bit mode, the process size limit was hit
# Possible solutions:
#   Reduce memory load on the system
#   Increase physical memory or swap space
#   Check if swap backing store is full
#   Use 64 bit Java on a 64 bit OS
#   Decrease Java heap size (-Xmx/-Xms)
#   Decrease number of Java threads
#   Decrease Java thread stack sizes (-Xss)
#   Set larger code cache with -XX:ReservedCodeCacheSize=
# This output file may be truncated or incomplete.
#
#  Out of Memory Error (gcTaskThread.cpp:46), pid=5978, tid=3076552384
#
# JRE version: 6.0_31-b31
# Java VM: OpenJDK Server VM (23.25-b01 mixed mode linux-x86 )
# Failed to write core dump. Core dumps have been disabled. To enable core dumping, try "ulimit -c unlimited" before starting Java again
#

---------------  T H R E A D  ---------------

Current thread (0x081eb400):  JavaThread "Unknown thread" [_thread_in_vm, id=5978, stack(0xbfbd2000,0xbfc22000)]

Stack: [0xbfbd2000,0xbfc22000]

---------------  P R O C E S S  ---------------

Java Threads: ( => current thread )

Other Threads:

=>0x081eb400 (exited) JavaThread "Unknown thread" [_thread_in_vm, id=5978, stack(0xbfbd2000,0xbfc22000)]

VM state:not at safepoint (not fully initialized)

VM Mutex/Monitor currently owned by a thread: None

GC Heap History (0 events):
No events

Deoptimization events (0 events):
No events

Internal exceptions (0 events):
No events

Events (0 events):
No events


Dynamic libraries:
08048000-08051000 r-xp 00000000 08:06 404716     /usr/lib/jvm/java-6-openjdk-i386/jre/bin/java
08051000-08052000 rw-p 00008000 08:06 404716     /usr/lib/jvm/java-6-openjdk-i386/jre/bin/java
081e3000-08204000 rw-p 00000000 00:00 0          [heap]
8b323000-8b324000 ---p 00000000 00:00 0 
8b324000-8b3ac000 rw-p 00000000 00:00 0 
8b3ac000-8b3e4000 rw-p 00000000 00:00 0 
8b3e4000-8b3ee000 rw-p 00000000 00:00 0 
8b3ee000-8b48f000 rw-p 00000000 00:00 0 
8b48f000-8b497000 rw-p 00000000 00:00 0 
8b497000-8b4cf000 rw-p 00000000 00:00 0 
8b4cf000-8b4d9000 rw-p 00000000 00:00 0 
8b4d9000-8b579000 rw-p 00000000 00:00 0 
8b579000-8b57f000 rw-p 00000000 00:00 0 
8b57f000-8b5cf000 rw-p 00000000 00:00 0 
8b5cf000-8c5d0000 rw-p 00000000 00:00 0 
8c5d0000-935d0000 rw-p 00000000 00:00 0 
935d0000-949d0000 rw-p 00000000 00:00 0 
949d0000-a8b30000 rw-p 00000000 00:00 0 
a8b30000-a9530000 rw-p 00000000 00:00 0 
a9530000-b35d0000 rw-p 00000000 00:00 0 
b35d9000-b35e2000 rw-p 00000000 00:00 0 
b35e2000-b3699000 rw-p 00000000 00:00 0 
b3699000-b38d9000 rwxp 00000000 00:00 0 
b38d9000-b6699000 rw-p 00000000 00:00 0 
b6699000-b66ce000 r--s 00000000 08:06 678017     /var/cache/nscd/passwd
b66ce000-b66e1000 r-xp 00000000 08:06 659385     /lib/i386-linux-gnu/i686/cmov/libnsl-2.13.so
b66e1000-b66e2000 r--p 00012000 08:06 659385     /lib/i386-linux-gnu/i686/cmov/libnsl-2.13.so
b66e2000-b66e3000 rw-p 00013000 08:06 659385     /lib/i386-linux-gnu/i686/cmov/libnsl-2.13.so
b66e3000-b66e5000 rw-p 00000000 00:00 0 
b66e7000-b66ee000 r-xp 00000000 08:06 535962     /usr/lib/jvm/java-6-openjdk-i386/jre/lib/i386/libzip.so
b66ee000-b66ef000 rw-p 00007000 08:06 535962     /usr/lib/jvm/java-6-openjdk-i386/jre/lib/i386/libzip.so
b66ef000-b66f7000 rw-s 00000000 08:06 1848261    /tmp/hsperfdata_11202079/5978
b66f7000-b671e000 r-xp 00000000 08:06 535941     /usr/lib/jvm/java-6-openjdk-i386/jre/lib/i386/libjava.so
b671e000-b6720000 rw-p 00027000 08:06 535941     /usr/lib/jvm/java-6-openjdk-i386/jre/lib/i386/libjava.so
b6720000-b6727000 r-xp 00000000 08:06 659377     /lib/i386-linux-gnu/i686/cmov/librt-2.13.so
b6727000-b6728000 r--p 00006000 08:06 659377     /lib/i386-linux-gnu/i686/cmov/librt-2.13.so
b6728000-b6729000 rw-p 00007000 08:06 659377     /lib/i386-linux-gnu/i686/cmov/librt-2.13.so
b6729000-b672a000 ---p 00000000 00:00 0 
b672a000-b677a000 rw-p 00000000 00:00 0 
b677a000-b6796000 r-xp 00000000 08:06 655364     /lib/i386-linux-gnu/libgcc_s.so.1
b6796000-b6797000 rw-p 0001b000 08:06 655364     /lib/i386-linux-gnu/libgcc_s.so.1
b6797000-b67bb000 r-xp 00000000 08:06 659374     /lib/i386-linux-gnu/i686/cmov/libm-2.13.so
b67bb000-b67bc000 r--p 00023000 08:06 659374     /lib/i386-linux-gnu/i686/cmov/libm-2.13.so
b67bc000-b67bd000 rw-p 00024000 08:06 659374     /lib/i386-linux-gnu/i686/cmov/libm-2.13.so
b67bd000-b689d000 r-xp 00000000 08:06 266061     /usr/lib/i386-linux-gnu/libstdc++.so.6.0.17
b689d000-b68a1000 r--p 000e0000 08:06 266061     /usr/lib/i386-linux-gnu/libstdc++.so.6.0.17
b68a1000-b68a2000 rw-p 000e4000 08:06 266061     /usr/lib/i386-linux-gnu/libstdc++.so.6.0.17
b68a2000-b68a9000 rw-p 00000000 00:00 0 
b68a9000-b7191000 r-xp 00000000 08:06 535964     /usr/lib/jvm/java-6-openjdk-i386/jre/lib/i386/server/libjvm.so
b7191000-b71ec000 rw-p 008e7000 08:06 535964     /usr/lib/jvm/java-6-openjdk-i386/jre/lib/i386/server/libjvm.so
b71ec000-b7609000 rw-p 00000000 00:00 0 
b7609000-b7766000 r-xp 00000000 08:06 659391     /lib/i386-linux-gnu/i686/cmov/libc-2.13.so
b7766000-b7767000 ---p 0015d000 08:06 659391     /lib/i386-linux-gnu/i686/cmov/libc-2.13.so
b7767000-b7769000 r--p 0015d000 08:06 659391     /lib/i386-linux-gnu/i686/cmov/libc-2.13.so
b7769000-b776a000 rw-p 0015f000 08:06 659391     /lib/i386-linux-gnu/i686/cmov/libc-2.13.so
b776a000-b776d000 rw-p 00000000 00:00 0 
b776d000-b776f000 r-xp 00000000 08:06 659380     /lib/i386-linux-gnu/i686/cmov/libdl-2.13.so
b776f000-b7770000 r--p 00001000 08:06 659380     /lib/i386-linux-gnu/i686/cmov/libdl-2.13.so
b7770000-b7771000 rw-p 00002000 08:06 659380     /lib/i386-linux-gnu/i686/cmov/libdl-2.13.so
b7771000-b7775000 r-xp 00000000 08:06 535942     /usr/lib/jvm/java-6-openjdk-i386/jre/lib/i386/jli/libjli.so
b7775000-b7776000 rw-p 00003000 08:06 535942     /usr/lib/jvm/java-6-openjdk-i386/jre/lib/i386/jli/libjli.so
b7776000-b778b000 r-xp 00000000 08:06 659390     /lib/i386-linux-gnu/i686/cmov/libpthread-2.13.so
b778b000-b778c000 r--p 00014000 08:06 659390     /lib/i386-linux-gnu/i686/cmov/libpthread-2.13.so
b778c000-b778d000 rw-p 00015000 08:06 659390     /lib/i386-linux-gnu/i686/cmov/libpthread-2.13.so
b778d000-b7790000 rw-p 00000000 00:00 0 
b7790000-b77a7000 r-xp 00000000 08:06 655451     /lib/i386-linux-gnu/libz.so.1.2.7
b77a7000-b77a8000 r--p 00016000 08:06 655451     /lib/i386-linux-gnu/libz.so.1.2.7
b77a8000-b77a9000 rw-p 00017000 08:06 655451     /lib/i386-linux-gnu/libz.so.1.2.7
b77ab000-b77ac000 rw-p 00000000 00:00 0 
b77ac000-b77ad000 r--p 00000000 00:00 0 
b77ad000-b77ba000 r-xp 00000000 08:06 535951     /usr/lib/jvm/java-6-openjdk-i386/jre/lib/i386/libverify.so
b77ba000-b77bb000 rw-p 0000c000 08:06 535951     /usr/lib/jvm/java-6-openjdk-i386/jre/lib/i386/libverify.so
b77bb000-b77bd000 rw-p 00000000 00:00 0 
b77bd000-b77be000 r-xp 00000000 00:00 0          [vdso]
b77be000-b77da000 r-xp 00000000 08:06 655375     /lib/i386-linux-gnu/ld-2.13.so
b77da000-b77db000 r--p 0001b000 08:06 655375     /lib/i386-linux-gnu/ld-2.13.so
b77db000-b77dc000 rw-p 0001c000 08:06 655375     /lib/i386-linux-gnu/ld-2.13.so
bfbd2000-bfbd5000 ---p 00000000 00:00 0 
bfbd6000-bfc22000 rw-p 00000000 00:00 0          [stack]

VM Arguments:
jvm_args: -Dfile.encoding=UTF-8 
java_command: org.eclipse.jdt.internal.junit.runner.RemoteTestRunner -version 3 -port 50492 -testLoaderClass org.eclipse.jdt.internal.junit4.runner.JUnit4TestLoader -loaderpluginname org.eclipse.jdt.junit4.runtime -classNames org.gradle.TestMenu
Launcher Type: SUN_STANDARD

Environment Variables:
PATH=/usr/local/bin:/usr/bin:/bin:/usr/local/games:/usr/games
LD_LIBRARY_PATH=/usr/lib/jvm/java-6-openjdk-i386/jre/lib/i386/server:/usr/lib/jvm/java-6-openjdk-i386/jre/lib/i386:/usr/lib/jvm/java-6-openjdk-i386/jre/../lib/i386:/usr/lib/jvm/java-6-openjdk-i386/jre/lib/i386/client:/usr/lib/jvm/java-6-openjdk-i386/jre/lib/i386:
SHELL=/bin/bash
DISPLAY=:0.0

Signal Handlers:
SIGSEGV: [libjvm.so+0x724980], sa_mask[0]=0x7ffbfeff, sa_flags=0x10000004
SIGBUS: [libjvm.so+0x724980], sa_mask[0]=0x7ffbfeff, sa_flags=0x10000004
SIGFPE: [libjvm.so+0x5cd670], sa_mask[0]=0x7ffbfeff, sa_flags=0x10000004
SIGPIPE: [libjvm.so+0x5cd670], sa_mask[0]=0x7ffbfeff, sa_flags=0x10000004
SIGXFSZ: [libjvm.so+0x5cd670], sa_mask[0]=0x7ffbfeff, sa_flags=0x10000004
SIGILL: [libjvm.so+0x5cd670], sa_mask[0]=0x7ffbfeff, sa_flags=0x10000004
SIGUSR1: SIG_DFL, sa_mask[0]=0x00000000, sa_flags=0x00000000
SIGUSR2: [libjvm.so+0x5cd510], sa_mask[0]=0x00000004, sa_flags=0x10000004
SIGHUP: SIG_DFL, sa_mask[0]=0x00000000, sa_flags=0x00000000
SIGINT: SIG_DFL, sa_mask[0]=0x00000000, sa_flags=0x00000000
SIGTERM: SIG_DFL, sa_mask[0]=0x00000000, sa_flags=0x00000000
SIGQUIT: SIG_DFL, sa_mask[0]=0x00000000, sa_flags=0x00000000


---------------  S Y S T E M  ---------------

OS:7.5

uname:Linux 3.2.0-4-686-pae #1 SMP Debian 3.2.57-3 i686
libc:glibc 2.13 NPTL 2.13 
rlimit: STACK 8192k, CORE 0k, NPROC 500, NOFILE 4096, AS infinity
load average:0.08 0.05 0.05

/proc/meminfo:
MemTotal:        1966056 kB
MemFree:          261708 kB
Buffers:           48188 kB
Cached:           745288 kB
SwapCached:            0 kB
Active:          1123636 kB
Inactive:         510480 kB
Active(anon):     840816 kB
Inactive(anon):    44648 kB
Active(file):     282820 kB
Inactive(file):   465832 kB
Unevictable:           0 kB
Mlocked:               0 kB
HighTotal:       1097176 kB
HighFree:          13788 kB
LowTotal:         868880 kB
LowFree:          247920 kB
SwapTotal:       2077400 kB
SwapFree:        2077400 kB
Dirty:               220 kB
Writeback:             0 kB
AnonPages:        840592 kB
Mapped:           181752 kB
Shmem:             44828 kB
Slab:              42940 kB
SReclaimable:      25620 kB
SUnreclaim:        17320 kB
KernelStack:        5352 kB
PageTables:         9132 kB
NFS_Unstable:          0 kB
Bounce:                0 kB
WritebackTmp:          0 kB
CommitLimit:     3060428 kB
Committed_AS:    3404884 kB
VmallocTotal:     122880 kB
VmallocUsed:       14516 kB
VmallocChunk:     107376 kB
HardwareCorrupted:     0 kB
AnonHugePages:         0 kB
HugePages_Total:       0
HugePages_Free:        0
HugePages_Rsvd:        0
HugePages_Surp:        0
Hugepagesize:       2048 kB
DirectMap4k:       10232 kB
DirectMap2M:      901120 kB


CPU:total 2 (2 cores per cpu, 1 threads per core) family 6 model 42 stepping 7, cmov, cx8, fxsr, mmx, sse, sse2, sse3, ssse3, sse4.1, sse4.2, popcnt, tsc, tscinvbit

/proc/cpuinfo:
processor	: 0
vendor_id	: GenuineIntel
cpu family	: 6
model		: 42
model name	: Intel(R) Pentium(R) CPU G620 @ 2.60GHz
stepping	: 7
microcode	: 0x29
cpu MHz		: 2600.000
cache size	: 3072 KB
physical id	: 0
siblings	: 2
core id		: 0
cpu cores	: 2
apicid		: 0
initial apicid	: 0
fdiv_bug	: no
hlt_bug		: no
f00f_bug	: no
coma_bug	: no
fpu		: yes
fpu_exception	: yes
cpuid level	: 13
wp		: yes
flags		: fpu vme de pse tsc msr pae mce cx8 apic sep mtrr pge mca cmov pat pse36 clflush dts acpi mmx fxsr sse sse2 ss ht tm pbe nx rdtscp lm constant_tsc arch_perfmon pebs bts xtopology nonstop_tsc aperfmperf pni pclmulqdq dtes64 monitor ds_cpl vmx est tm2 ssse3 cx16 xtpr pdcm pcid sse4_1 sse4_2 popcnt tsc_deadline_timer xsave lahf_lm arat epb xsaveopt pln pts dtherm tpr_shadow vnmi flexpriority ept vpid
bogomips	: 5187.47
clflush size	: 64
cache_alignment	: 64
address sizes	: 36 bits physical, 48 bits virtual
power management:

processor	: 1
vendor_id	: GenuineIntel
cpu family	: 6
model		: 42
model name	: Intel(R) Pentium(R) CPU G620 @ 2.60GHz
stepping	: 7
microcode	: 0x29
cpu MHz		: 1600.000
cache size	: 3072 KB
physical id	: 0
siblings	: 2
core id		: 1
cpu cores	: 2
apicid		: 2
initial apicid	: 2
fdiv_bug	: no
hlt_bug		: no
f00f_bug	: no
coma_bug	: no
fpu		: yes
fpu_exception	: yes
cpuid level	: 13
wp		: yes
flags		: fpu vme de pse tsc msr pae mce cx8 apic sep mtrr pge mca cmov pat pse36 clflush dts acpi mmx fxsr sse sse2 ss ht tm pbe nx rdtscp lm constant_tsc arch_perfmon pebs bts xtopology nonstop_tsc aperfmperf pni pclmulqdq dtes64 monitor ds_cpl vmx est tm2 ssse3 cx16 xtpr pdcm pcid sse4_1 sse4_2 popcnt tsc_deadline_timer xsave lahf_lm arat epb xsaveopt pln pts dtherm tpr_shadow vnmi flexpriority ept vpid
bogomips	: 5187.97
clflush size	: 64
cache_alignment	: 64
address sizes	: 36 bits physical, 48 bits virtual
power management:



Memory: 4k page, physical 1966056k(261708k free), swap 2077400k(2077400k free)

vm_info: OpenJDK Server VM (23.25-b01) for linux-x86 JRE (1.6.0_31-b31), built on Apr 23 2014 14:29:13 by "jmm" with gcc 4.7.2

time: Tue Jan  6 10:58:34 2015
elapsed time: 0 seconds

