#
# There is insufficient memory for the Java Runtime Environment to continue.
# Cannot create GC thread. Out of system resources.
# Possible reasons:
#   The system is out of physical RAM or swap space
#   In 32 bit mode, the process size limit was hit
# Possible solutions:
#   Reduce memory load on the system
#   Increase physical memory or swap space
#   Check if swap backing store is full
#   Use 64 bit Java on a 64 bit OS
#   Decrease Java heap size (-Xmx/-Xms)
#   Decrease number of Java threads
#   Decrease Java thread stack sizes (-Xss)
#   Set larger code cache with -XX:ReservedCodeCacheSize=
# This output file may be truncated or incomplete.
#
#  Out of Memory Error (gcTaskThread.cpp:46), pid=5970, tid=3075712704
#
# JRE version: 6.0_31-b31
# Java VM: OpenJDK Server VM (23.25-b01 mixed mode linux-x86 )
# Failed to write core dump. Core dumps have been disabled. To enable core dumping, try "ulimit -c unlimited" before starting Java again
#

---------------  T H R E A D  ---------------

Current thread (0x0a010400):  JavaThread "Unknown thread" [_thread_in_vm, id=5970, stack(0xbff7b000,0xbffcb000)]

Stack: [0xbff7b000,0xbffcb000]

---------------  P R O C E S S  ---------------

Java Threads: ( => current thread )

Other Threads:

=>0x0a010400 (exited) JavaThread "Unknown thread" [_thread_in_vm, id=5970, stack(0xbff7b000,0xbffcb000)]

VM state:not at safepoint (not fully initialized)

VM Mutex/Monitor currently owned by a thread: None

GC Heap History (0 events):
No events

Deoptimization events (0 events):
No events

Internal exceptions (0 events):
No events

Events (0 events):
No events


Dynamic libraries:
08048000-08051000 r-xp 00000000 08:06 404716     /usr/lib/jvm/java-6-openjdk-i386/jre/bin/java
08051000-08052000 rw-p 00008000 08:06 404716     /usr/lib/jvm/java-6-openjdk-i386/jre/bin/java
0a008000-0a029000 rw-p 00000000 00:00 0          [heap]
8b253000-8b254000 ---p 00000000 00:00 0 
8b254000-8b2dc000 rw-p 00000000 00:00 0 
8b2dc000-8b314000 rw-p 00000000 00:00 0 
8b314000-8b31e000 rw-p 00000000 00:00 0 
8b31e000-8b3bf000 rw-p 00000000 00:00 0 
8b3bf000-8b3c7000 rw-p 00000000 00:00 0 
8b3c7000-8b3ff000 rw-p 00000000 00:00 0 
8b3ff000-8b409000 rw-p 00000000 00:00 0 
8b409000-8b4a9000 rw-p 00000000 00:00 0 
8b4a9000-8b4af000 rw-p 00000000 00:00 0 
8b4af000-8b4ff000 rw-p 00000000 00:00 0 
8b4ff000-8c500000 rw-p 00000000 00:00 0 
8c500000-93500000 rw-p 00000000 00:00 0 
93500000-94900000 rw-p 00000000 00:00 0 
94900000-a8a60000 rw-p 00000000 00:00 0 
a8a60000-a9460000 rw-p 00000000 00:00 0 
a9460000-b3500000 rw-p 00000000 00:00 0 
b3504000-b350d000 rw-p 00000000 00:00 0 
b350d000-b35c4000 rw-p 00000000 00:00 0 
b35c4000-b3804000 rwxp 00000000 00:00 0 
b3804000-b65c4000 rw-p 00000000 00:00 0 
b65c4000-b65cc000 rw-s 00000000 08:06 1848261    /tmp/hsperfdata_11202079/5970
b65cc000-b6601000 r--s 00000000 08:06 678017     /var/cache/nscd/passwd
b6601000-b6614000 r-xp 00000000 08:06 659385     /lib/i386-linux-gnu/i686/cmov/libnsl-2.13.so
b6614000-b6615000 r--p 00012000 08:06 659385     /lib/i386-linux-gnu/i686/cmov/libnsl-2.13.so
b6615000-b6616000 rw-p 00013000 08:06 659385     /lib/i386-linux-gnu/i686/cmov/libnsl-2.13.so
b6616000-b6618000 rw-p 00000000 00:00 0 
b6622000-b6629000 r-xp 00000000 08:06 535962     /usr/lib/jvm/java-6-openjdk-i386/jre/lib/i386/libzip.so
b6629000-b662a000 rw-p 00007000 08:06 535962     /usr/lib/jvm/java-6-openjdk-i386/jre/lib/i386/libzip.so
b662a000-b6651000 r-xp 00000000 08:06 535941     /usr/lib/jvm/java-6-openjdk-i386/jre/lib/i386/libjava.so
b6651000-b6653000 rw-p 00027000 08:06 535941     /usr/lib/jvm/java-6-openjdk-i386/jre/lib/i386/libjava.so
b6653000-b665a000 r-xp 00000000 08:06 659377     /lib/i386-linux-gnu/i686/cmov/librt-2.13.so
b665a000-b665b000 r--p 00006000 08:06 659377     /lib/i386-linux-gnu/i686/cmov/librt-2.13.so
b665b000-b665c000 rw-p 00007000 08:06 659377     /lib/i386-linux-gnu/i686/cmov/librt-2.13.so
b665c000-b665d000 ---p 00000000 00:00 0 
b665d000-b66ad000 rw-p 00000000 00:00 0 
b66ad000-b66c9000 r-xp 00000000 08:06 655364     /lib/i386-linux-gnu/libgcc_s.so.1
b66c9000-b66ca000 rw-p 0001b000 08:06 655364     /lib/i386-linux-gnu/libgcc_s.so.1
b66ca000-b66ee000 r-xp 00000000 08:06 659374     /lib/i386-linux-gnu/i686/cmov/libm-2.13.so
b66ee000-b66ef000 r--p 00023000 08:06 659374     /lib/i386-linux-gnu/i686/cmov/libm-2.13.so
b66ef000-b66f0000 rw-p 00024000 08:06 659374     /lib/i386-linux-gnu/i686/cmov/libm-2.13.so
b66f0000-b67d0000 r-xp 00000000 08:06 266061     /usr/lib/i386-linux-gnu/libstdc++.so.6.0.17
b67d0000-b67d4000 r--p 000e0000 08:06 266061     /usr/lib/i386-linux-gnu/libstdc++.so.6.0.17
b67d4000-b67d5000 rw-p 000e4000 08:06 266061     /usr/lib/i386-linux-gnu/libstdc++.so.6.0.17
b67d5000-b67dc000 rw-p 00000000 00:00 0 
b67dc000-b70c4000 r-xp 00000000 08:06 535964     /usr/lib/jvm/java-6-openjdk-i386/jre/lib/i386/server/libjvm.so
b70c4000-b711f000 rw-p 008e7000 08:06 535964     /usr/lib/jvm/java-6-openjdk-i386/jre/lib/i386/server/libjvm.so
b711f000-b753c000 rw-p 00000000 00:00 0 
b753c000-b7699000 r-xp 00000000 08:06 659391     /lib/i386-linux-gnu/i686/cmov/libc-2.13.so
b7699000-b769a000 ---p 0015d000 08:06 659391     /lib/i386-linux-gnu/i686/cmov/libc-2.13.so
b769a000-b769c000 r--p 0015d000 08:06 659391     /lib/i386-linux-gnu/i686/cmov/libc-2.13.so
b769c000-b769d000 rw-p 0015f000 08:06 659391     /lib/i386-linux-gnu/i686/cmov/libc-2.13.so
b769d000-b76a0000 rw-p 00000000 00:00 0 
b76a0000-b76a2000 r-xp 00000000 08:06 659380     /lib/i386-linux-gnu/i686/cmov/libdl-2.13.so
b76a2000-b76a3000 r--p 00001000 08:06 659380     /lib/i386-linux-gnu/i686/cmov/libdl-2.13.so
b76a3000-b76a4000 rw-p 00002000 08:06 659380     /lib/i386-linux-gnu/i686/cmov/libdl-2.13.so
b76a4000-b76a8000 r-xp 00000000 08:06 535942     /usr/lib/jvm/java-6-openjdk-i386/jre/lib/i386/jli/libjli.so
b76a8000-b76a9000 rw-p 00003000 08:06 535942     /usr/lib/jvm/java-6-openjdk-i386/jre/lib/i386/jli/libjli.so
b76a9000-b76be000 r-xp 00000000 08:06 659390     /lib/i386-linux-gnu/i686/cmov/libpthread-2.13.so
b76be000-b76bf000 r--p 00014000 08:06 659390     /lib/i386-linux-gnu/i686/cmov/libpthread-2.13.so
b76bf000-b76c0000 rw-p 00015000 08:06 659390     /lib/i386-linux-gnu/i686/cmov/libpthread-2.13.so
b76c0000-b76c3000 rw-p 00000000 00:00 0 
b76c3000-b76da000 r-xp 00000000 08:06 655451     /lib/i386-linux-gnu/libz.so.1.2.7
b76da000-b76db000 r--p 00016000 08:06 655451     /lib/i386-linux-gnu/libz.so.1.2.7
b76db000-b76dc000 rw-p 00017000 08:06 655451     /lib/i386-linux-gnu/libz.so.1.2.7
b76de000-b76df000 rw-p 00000000 00:00 0 
b76df000-b76e0000 r--p 00000000 00:00 0 
b76e0000-b76ed000 r-xp 00000000 08:06 535951     /usr/lib/jvm/java-6-openjdk-i386/jre/lib/i386/libverify.so
b76ed000-b76ee000 rw-p 0000c000 08:06 535951     /usr/lib/jvm/java-6-openjdk-i386/jre/lib/i386/libverify.so
b76ee000-b76f0000 rw-p 00000000 00:00 0 
b76f0000-b76f1000 r-xp 00000000 00:00 0          [vdso]
b76f1000-b770d000 r-xp 00000000 08:06 655375     /lib/i386-linux-gnu/ld-2.13.so
b770d000-b770e000 r--p 0001b000 08:06 655375     /lib/i386-linux-gnu/ld-2.13.so
b770e000-b770f000 rw-p 0001c000 08:06 655375     /lib/i386-linux-gnu/ld-2.13.so
bff7b000-bff7e000 ---p 00000000 00:00 0 
bff7f000-bffcb000 rw-p 00000000 00:00 0          [stack]

VM Arguments:
jvm_args: -Dfile.encoding=UTF-8 
java_command: org.eclipse.jdt.internal.junit.runner.RemoteTestRunner -version 3 -port 40352 -testLoaderClass org.eclipse.jdt.internal.junit4.runner.JUnit4TestLoader -loaderpluginname org.eclipse.jdt.junit4.runtime -classNames org.gradle.TestMenu
Launcher Type: SUN_STANDARD

Environment Variables:
PATH=/usr/local/bin:/usr/bin:/bin:/usr/local/games:/usr/games
LD_LIBRARY_PATH=/usr/lib/jvm/java-6-openjdk-i386/jre/lib/i386/server:/usr/lib/jvm/java-6-openjdk-i386/jre/lib/i386:/usr/lib/jvm/java-6-openjdk-i386/jre/../lib/i386:/usr/lib/jvm/java-6-openjdk-i386/jre/lib/i386/client:/usr/lib/jvm/java-6-openjdk-i386/jre/lib/i386:
SHELL=/bin/bash
DISPLAY=:0.0

Signal Handlers:
SIGSEGV: [libjvm.so+0x724980], sa_mask[0]=0x7ffbfeff, sa_flags=0x10000004
SIGBUS: [libjvm.so+0x724980], sa_mask[0]=0x7ffbfeff, sa_flags=0x10000004
SIGFPE: [libjvm.so+0x5cd670], sa_mask[0]=0x7ffbfeff, sa_flags=0x10000004
SIGPIPE: [libjvm.so+0x5cd670], sa_mask[0]=0x7ffbfeff, sa_flags=0x10000004
SIGXFSZ: [libjvm.so+0x5cd670], sa_mask[0]=0x7ffbfeff, sa_flags=0x10000004
SIGILL: [libjvm.so+0x5cd670], sa_mask[0]=0x7ffbfeff, sa_flags=0x10000004
SIGUSR1: SIG_DFL, sa_mask[0]=0x00000000, sa_flags=0x00000000
SIGUSR2: [libjvm.so+0x5cd510], sa_mask[0]=0x00000004, sa_flags=0x10000004
SIGHUP: SIG_DFL, sa_mask[0]=0x00000000, sa_flags=0x00000000
SIGINT: SIG_DFL, sa_mask[0]=0x00000000, sa_flags=0x00000000
SIGTERM: SIG_DFL, sa_mask[0]=0x00000000, sa_flags=0x00000000
SIGQUIT: SIG_DFL, sa_mask[0]=0x00000000, sa_flags=0x00000000


---------------  S Y S T E M  ---------------

OS:7.5

uname:Linux 3.2.0-4-686-pae #1 SMP Debian 3.2.57-3 i686
libc:glibc 2.13 NPTL 2.13 
rlimit: STACK 8192k, CORE 0k, NPROC 500, NOFILE 4096, AS infinity
load average:0.00 0.03 0.05

/proc/meminfo:
MemTotal:        1966056 kB
MemFree:          262756 kB
Buffers:           48168 kB
Cached:           745252 kB
SwapCached:            0 kB
Active:          1122640 kB
Inactive:         510392 kB
Active(anon):     839868 kB
Inactive(anon):    44804 kB
Active(file):     282772 kB
Inactive(file):   465588 kB
Unevictable:           0 kB
Mlocked:               0 kB
HighTotal:       1097176 kB
HighFree:          13788 kB
LowTotal:         868880 kB
LowFree:          248968 kB
SwapTotal:       2077400 kB
SwapFree:        2077400 kB
Dirty:               212 kB
Writeback:             0 kB
AnonPages:        839704 kB
Mapped:           181728 kB
Shmem:             45064 kB
Slab:              42816 kB
SReclaimable:      25620 kB
SUnreclaim:        17196 kB
KernelStack:        5352 kB
PageTables:         9124 kB
NFS_Unstable:          0 kB
Bounce:                0 kB
WritebackTmp:          0 kB
CommitLimit:     3060428 kB
Committed_AS:    3404012 kB
VmallocTotal:     122880 kB
VmallocUsed:       14516 kB
VmallocChunk:     107376 kB
HardwareCorrupted:     0 kB
AnonHugePages:         0 kB
HugePages_Total:       0
HugePages_Free:        0
HugePages_Rsvd:        0
HugePages_Surp:        0
Hugepagesize:       2048 kB
DirectMap4k:       10232 kB
DirectMap2M:      901120 kB


CPU:total 2 (2 cores per cpu, 1 threads per core) family 6 model 42 stepping 7, cmov, cx8, fxsr, mmx, sse, sse2, sse3, ssse3, sse4.1, sse4.2, popcnt, tsc, tscinvbit

/proc/cpuinfo:
processor	: 0
vendor_id	: GenuineIntel
cpu family	: 6
model		: 42
model name	: Intel(R) Pentium(R) CPU G620 @ 2.60GHz
stepping	: 7
microcode	: 0x29
cpu MHz		: 2500.000
cache size	: 3072 KB
physical id	: 0
siblings	: 2
core id		: 0
cpu cores	: 2
apicid		: 0
initial apicid	: 0
fdiv_bug	: no
hlt_bug		: no
f00f_bug	: no
coma_bug	: no
fpu		: yes
fpu_exception	: yes
cpuid level	: 13
wp		: yes
flags		: fpu vme de pse tsc msr pae mce cx8 apic sep mtrr pge mca cmov pat pse36 clflush dts acpi mmx fxsr sse sse2 ss ht tm pbe nx rdtscp lm constant_tsc arch_perfmon pebs bts xtopology nonstop_tsc aperfmperf pni pclmulqdq dtes64 monitor ds_cpl vmx est tm2 ssse3 cx16 xtpr pdcm pcid sse4_1 sse4_2 popcnt tsc_deadline_timer xsave lahf_lm arat epb xsaveopt pln pts dtherm tpr_shadow vnmi flexpriority ept vpid
bogomips	: 5187.47
clflush size	: 64
cache_alignment	: 64
address sizes	: 36 bits physical, 48 bits virtual
power management:

processor	: 1
vendor_id	: GenuineIntel
cpu family	: 6
model		: 42
model name	: Intel(R) Pentium(R) CPU G620 @ 2.60GHz
stepping	: 7
microcode	: 0x29
cpu MHz		: 1600.000
cache size	: 3072 KB
physical id	: 0
siblings	: 2
core id		: 1
cpu cores	: 2
apicid		: 2
initial apicid	: 2
fdiv_bug	: no
hlt_bug		: no
f00f_bug	: no
coma_bug	: no
fpu		: yes
fpu_exception	: yes
cpuid level	: 13
wp		: yes
flags		: fpu vme de pse tsc msr pae mce cx8 apic sep mtrr pge mca cmov pat pse36 clflush dts acpi mmx fxsr sse sse2 ss ht tm pbe nx rdtscp lm constant_tsc arch_perfmon pebs bts xtopology nonstop_tsc aperfmperf pni pclmulqdq dtes64 monitor ds_cpl vmx est tm2 ssse3 cx16 xtpr pdcm pcid sse4_1 sse4_2 popcnt tsc_deadline_timer xsave lahf_lm arat epb xsaveopt pln pts dtherm tpr_shadow vnmi flexpriority ept vpid
bogomips	: 5187.97
clflush size	: 64
cache_alignment	: 64
address sizes	: 36 bits physical, 48 bits virtual
power management:



Memory: 4k page, physical 1966056k(262756k free), swap 2077400k(2077400k free)

vm_info: OpenJDK Server VM (23.25-b01) for linux-x86 JRE (1.6.0_31-b31), built on Apr 23 2014 14:29:13 by "jmm" with gcc 4.7.2

time: Tue Jan  6 10:58:24 2015
elapsed time: 0 seconds

