#
# There is insufficient memory for the Java Runtime Environment to continue.
# Cannot create GC thread. Out of system resources.
# Possible reasons:
#   The system is out of physical RAM or swap space
#   In 32 bit mode, the process size limit was hit
# Possible solutions:
#   Reduce memory load on the system
#   Increase physical memory or swap space
#   Check if swap backing store is full
#   Use 64 bit Java on a 64 bit OS
#   Decrease Java heap size (-Xmx/-Xms)
#   Decrease number of Java threads
#   Decrease Java thread stack sizes (-Xss)
#   Set larger code cache with -XX:ReservedCodeCacheSize=
# This output file may be truncated or incomplete.
#
#  Out of Memory Error (gcTaskThread.cpp:46), pid=5994, tid=3075983040
#
# JRE version: 6.0_31-b31
# Java VM: OpenJDK Server VM (23.25-b01 mixed mode linux-x86 )
# Failed to write core dump. Core dumps have been disabled. To enable core dumping, try "ulimit -c unlimited" before starting Java again
#

---------------  T H R E A D  ---------------

Current thread (0x0909e400):  JavaThread "Unknown thread" [_thread_in_vm, id=5994, stack(0xbfefb000,0xbff4b000)]

Stack: [0xbfefb000,0xbff4b000]

---------------  P R O C E S S  ---------------

Java Threads: ( => current thread )

Other Threads:

=>0x0909e400 (exited) JavaThread "Unknown thread" [_thread_in_vm, id=5994, stack(0xbfefb000,0xbff4b000)]

VM state:not at safepoint (not fully initialized)

VM Mutex/Monitor currently owned by a thread: None

GC Heap History (0 events):
No events

Deoptimization events (0 events):
No events

Internal exceptions (0 events):
No events

Events (0 events):
No events


Dynamic libraries:
08048000-08051000 r-xp 00000000 08:06 404716     /usr/lib/jvm/java-6-openjdk-i386/jre/bin/java
08051000-08052000 rw-p 00008000 08:06 404716     /usr/lib/jvm/java-6-openjdk-i386/jre/bin/java
09096000-090b7000 rw-p 00000000 00:00 0          [heap]
8b293000-8b294000 ---p 00000000 00:00 0 
8b294000-8b31c000 rw-p 00000000 00:00 0 
8b31c000-8b354000 rw-p 00000000 00:00 0 
8b354000-8b35e000 rw-p 00000000 00:00 0 
8b35e000-8b3ff000 rw-p 00000000 00:00 0 
8b3ff000-8b407000 rw-p 00000000 00:00 0 
8b407000-8b43f000 rw-p 00000000 00:00 0 
8b43f000-8b449000 rw-p 00000000 00:00 0 
8b449000-8b4e9000 rw-p 00000000 00:00 0 
8b4e9000-8b4ef000 rw-p 00000000 00:00 0 
8b4ef000-8b53f000 rw-p 00000000 00:00 0 
8b53f000-8c540000 rw-p 00000000 00:00 0 
8c540000-93540000 rw-p 00000000 00:00 0 
93540000-94940000 rw-p 00000000 00:00 0 
94940000-a8aa0000 rw-p 00000000 00:00 0 
a8aa0000-a94a0000 rw-p 00000000 00:00 0 
a94a0000-b3540000 rw-p 00000000 00:00 0 
b354e000-b3557000 rw-p 00000000 00:00 0 
b3557000-b360e000 rw-p 00000000 00:00 0 
b360e000-b384e000 rwxp 00000000 00:00 0 
b384e000-b660e000 rw-p 00000000 00:00 0 
b660e000-b6643000 r--s 00000000 08:06 678017     /var/cache/nscd/passwd
b6643000-b6656000 r-xp 00000000 08:06 659385     /lib/i386-linux-gnu/i686/cmov/libnsl-2.13.so
b6656000-b6657000 r--p 00012000 08:06 659385     /lib/i386-linux-gnu/i686/cmov/libnsl-2.13.so
b6657000-b6658000 rw-p 00013000 08:06 659385     /lib/i386-linux-gnu/i686/cmov/libnsl-2.13.so
b6658000-b665a000 rw-p 00000000 00:00 0 
b665c000-b6663000 r-xp 00000000 08:06 535962     /usr/lib/jvm/java-6-openjdk-i386/jre/lib/i386/libzip.so
b6663000-b6664000 rw-p 00007000 08:06 535962     /usr/lib/jvm/java-6-openjdk-i386/jre/lib/i386/libzip.so
b6664000-b666c000 rw-s 00000000 08:06 1848261    /tmp/hsperfdata_11202079/5994
b666c000-b6693000 r-xp 00000000 08:06 535941     /usr/lib/jvm/java-6-openjdk-i386/jre/lib/i386/libjava.so
b6693000-b6695000 rw-p 00027000 08:06 535941     /usr/lib/jvm/java-6-openjdk-i386/jre/lib/i386/libjava.so
b6695000-b669c000 r-xp 00000000 08:06 659377     /lib/i386-linux-gnu/i686/cmov/librt-2.13.so
b669c000-b669d000 r--p 00006000 08:06 659377     /lib/i386-linux-gnu/i686/cmov/librt-2.13.so
b669d000-b669e000 rw-p 00007000 08:06 659377     /lib/i386-linux-gnu/i686/cmov/librt-2.13.so
b669e000-b669f000 ---p 00000000 00:00 0 
b669f000-b66ef000 rw-p 00000000 00:00 0 
b66ef000-b670b000 r-xp 00000000 08:06 655364     /lib/i386-linux-gnu/libgcc_s.so.1
b670b000-b670c000 rw-p 0001b000 08:06 655364     /lib/i386-linux-gnu/libgcc_s.so.1
b670c000-b6730000 r-xp 00000000 08:06 659374     /lib/i386-linux-gnu/i686/cmov/libm-2.13.so
b6730000-b6731000 r--p 00023000 08:06 659374     /lib/i386-linux-gnu/i686/cmov/libm-2.13.so
b6731000-b6732000 rw-p 00024000 08:06 659374     /lib/i386-linux-gnu/i686/cmov/libm-2.13.so
b6732000-b6812000 r-xp 00000000 08:06 266061     /usr/lib/i386-linux-gnu/libstdc++.so.6.0.17
b6812000-b6816000 r--p 000e0000 08:06 266061     /usr/lib/i386-linux-gnu/libstdc++.so.6.0.17
b6816000-b6817000 rw-p 000e4000 08:06 266061     /usr/lib/i386-linux-gnu/libstdc++.so.6.0.17
b6817000-b681e000 rw-p 00000000 00:00 0 
b681e000-b7106000 r-xp 00000000 08:06 535964     /usr/lib/jvm/java-6-openjdk-i386/jre/lib/i386/server/libjvm.so
b7106000-b7161000 rw-p 008e7000 08:06 535964     /usr/lib/jvm/java-6-openjdk-i386/jre/lib/i386/server/libjvm.so
b7161000-b757e000 rw-p 00000000 00:00 0 
b757e000-b76db000 r-xp 00000000 08:06 659391     /lib/i386-linux-gnu/i686/cmov/libc-2.13.so
b76db000-b76dc000 ---p 0015d000 08:06 659391     /lib/i386-linux-gnu/i686/cmov/libc-2.13.so
b76dc000-b76de000 r--p 0015d000 08:06 659391     /lib/i386-linux-gnu/i686/cmov/libc-2.13.so
b76de000-b76df000 rw-p 0015f000 08:06 659391     /lib/i386-linux-gnu/i686/cmov/libc-2.13.so
b76df000-b76e2000 rw-p 00000000 00:00 0 
b76e2000-b76e4000 r-xp 00000000 08:06 659380     /lib/i386-linux-gnu/i686/cmov/libdl-2.13.so
b76e4000-b76e5000 r--p 00001000 08:06 659380     /lib/i386-linux-gnu/i686/cmov/libdl-2.13.so
b76e5000-b76e6000 rw-p 00002000 08:06 659380     /lib/i386-linux-gnu/i686/cmov/libdl-2.13.so
b76e6000-b76ea000 r-xp 00000000 08:06 535942     /usr/lib/jvm/java-6-openjdk-i386/jre/lib/i386/jli/libjli.so
b76ea000-b76eb000 rw-p 00003000 08:06 535942     /usr/lib/jvm/java-6-openjdk-i386/jre/lib/i386/jli/libjli.so
b76eb000-b7700000 r-xp 00000000 08:06 659390     /lib/i386-linux-gnu/i686/cmov/libpthread-2.13.so
b7700000-b7701000 r--p 00014000 08:06 659390     /lib/i386-linux-gnu/i686/cmov/libpthread-2.13.so
b7701000-b7702000 rw-p 00015000 08:06 659390     /lib/i386-linux-gnu/i686/cmov/libpthread-2.13.so
b7702000-b7705000 rw-p 00000000 00:00 0 
b7705000-b771c000 r-xp 00000000 08:06 655451     /lib/i386-linux-gnu/libz.so.1.2.7
b771c000-b771d000 r--p 00016000 08:06 655451     /lib/i386-linux-gnu/libz.so.1.2.7
b771d000-b771e000 rw-p 00017000 08:06 655451     /lib/i386-linux-gnu/libz.so.1.2.7
b7720000-b7721000 rw-p 00000000 00:00 0 
b7721000-b7722000 r--p 00000000 00:00 0 
b7722000-b772f000 r-xp 00000000 08:06 535951     /usr/lib/jvm/java-6-openjdk-i386/jre/lib/i386/libverify.so
b772f000-b7730000 rw-p 0000c000 08:06 535951     /usr/lib/jvm/java-6-openjdk-i386/jre/lib/i386/libverify.so
b7730000-b7732000 rw-p 00000000 00:00 0 
b7732000-b7733000 r-xp 00000000 00:00 0          [vdso]
b7733000-b774f000 r-xp 00000000 08:06 655375     /lib/i386-linux-gnu/ld-2.13.so
b774f000-b7750000 r--p 0001b000 08:06 655375     /lib/i386-linux-gnu/ld-2.13.so
b7750000-b7751000 rw-p 0001c000 08:06 655375     /lib/i386-linux-gnu/ld-2.13.so
bfefb000-bfefe000 ---p 00000000 00:00 0 
bfeff000-bff4b000 rw-p 00000000 00:00 0          [stack]

VM Arguments:
jvm_args: -Dfile.encoding=UTF-8 
java_command: org.eclipse.jdt.internal.junit.runner.RemoteTestRunner -version 3 -port 40223 -testLoaderClass org.eclipse.jdt.internal.junit4.runner.JUnit4TestLoader -loaderpluginname org.eclipse.jdt.junit4.runtime -classNames org.gradle.TestMenu
Launcher Type: SUN_STANDARD

Environment Variables:
PATH=/usr/local/bin:/usr/bin:/bin:/usr/local/games:/usr/games
LD_LIBRARY_PATH=/usr/lib/jvm/java-6-openjdk-i386/jre/lib/i386/server:/usr/lib/jvm/java-6-openjdk-i386/jre/lib/i386:/usr/lib/jvm/java-6-openjdk-i386/jre/../lib/i386:/usr/lib/jvm/java-6-openjdk-i386/jre/lib/i386/client:/usr/lib/jvm/java-6-openjdk-i386/jre/lib/i386:
SHELL=/bin/bash
DISPLAY=:0.0

Signal Handlers:
SIGSEGV: [libjvm.so+0x724980], sa_mask[0]=0x7ffbfeff, sa_flags=0x10000004
SIGBUS: [libjvm.so+0x724980], sa_mask[0]=0x7ffbfeff, sa_flags=0x10000004
SIGFPE: [libjvm.so+0x5cd670], sa_mask[0]=0x7ffbfeff, sa_flags=0x10000004
SIGPIPE: [libjvm.so+0x5cd670], sa_mask[0]=0x7ffbfeff, sa_flags=0x10000004
SIGXFSZ: [libjvm.so+0x5cd670], sa_mask[0]=0x7ffbfeff, sa_flags=0x10000004
SIGILL: [libjvm.so+0x5cd670], sa_mask[0]=0x7ffbfeff, sa_flags=0x10000004
SIGUSR1: SIG_DFL, sa_mask[0]=0x00000000, sa_flags=0x00000000
SIGUSR2: [libjvm.so+0x5cd510], sa_mask[0]=0x00000004, sa_flags=0x10000004
SIGHUP: SIG_DFL, sa_mask[0]=0x00000000, sa_flags=0x00000000
SIGINT: SIG_DFL, sa_mask[0]=0x00000000, sa_flags=0x00000000
SIGTERM: SIG_DFL, sa_mask[0]=0x00000000, sa_flags=0x00000000
SIGQUIT: SIG_DFL, sa_mask[0]=0x00000000, sa_flags=0x00000000


---------------  S Y S T E M  ---------------

OS:7.5

uname:Linux 3.2.0-4-686-pae #1 SMP Debian 3.2.57-3 i686
libc:glibc 2.13 NPTL 2.13 
rlimit: STACK 8192k, CORE 0k, NPROC 500, NOFILE 4096, AS infinity
load average:0.12 0.06 0.05

/proc/meminfo:
MemTotal:        1966056 kB
MemFree:          261508 kB
Buffers:           48228 kB
Cached:           746488 kB
SwapCached:            0 kB
Active:          1123768 kB
Inactive:         511476 kB
Active(anon):     840912 kB
Inactive(anon):    45616 kB
Active(file):     282856 kB
Inactive(file):   465860 kB
Unevictable:           0 kB
Mlocked:               0 kB
HighTotal:       1097176 kB
HighFree:          13788 kB
LowTotal:         868880 kB
LowFree:          247720 kB
SwapTotal:       2077400 kB
SwapFree:        2077400 kB
Dirty:               224 kB
Writeback:             0 kB
AnonPages:        840828 kB
Mapped:           181752 kB
Shmem:             46004 kB
Slab:              42848 kB
SReclaimable:      25648 kB
SUnreclaim:        17200 kB
KernelStack:        5360 kB
PageTables:         9140 kB
NFS_Unstable:          0 kB
Bounce:                0 kB
WritebackTmp:          0 kB
CommitLimit:     3060428 kB
Committed_AS:    3405976 kB
VmallocTotal:     122880 kB
VmallocUsed:       14516 kB
VmallocChunk:     107376 kB
HardwareCorrupted:     0 kB
AnonHugePages:         0 kB
HugePages_Total:       0
HugePages_Free:        0
HugePages_Rsvd:        0
HugePages_Surp:        0
Hugepagesize:       2048 kB
DirectMap4k:       10232 kB
DirectMap2M:      901120 kB


CPU:total 2 (2 cores per cpu, 1 threads per core) family 6 model 42 stepping 7, cmov, cx8, fxsr, mmx, sse, sse2, sse3, ssse3, sse4.1, sse4.2, popcnt, tsc, tscinvbit

/proc/cpuinfo:
processor	: 0
vendor_id	: GenuineIntel
cpu family	: 6
model		: 42
model name	: Intel(R) Pentium(R) CPU G620 @ 2.60GHz
stepping	: 7
microcode	: 0x29
cpu MHz		: 2600.000
cache size	: 3072 KB
physical id	: 0
siblings	: 2
core id		: 0
cpu cores	: 2
apicid		: 0
initial apicid	: 0
fdiv_bug	: no
hlt_bug		: no
f00f_bug	: no
coma_bug	: no
fpu		: yes
fpu_exception	: yes
cpuid level	: 13
wp		: yes
flags		: fpu vme de pse tsc msr pae mce cx8 apic sep mtrr pge mca cmov pat pse36 clflush dts acpi mmx fxsr sse sse2 ss ht tm pbe nx rdtscp lm constant_tsc arch_perfmon pebs bts xtopology nonstop_tsc aperfmperf pni pclmulqdq dtes64 monitor ds_cpl vmx est tm2 ssse3 cx16 xtpr pdcm pcid sse4_1 sse4_2 popcnt tsc_deadline_timer xsave lahf_lm arat epb xsaveopt pln pts dtherm tpr_shadow vnmi flexpriority ept vpid
bogomips	: 5187.47
clflush size	: 64
cache_alignment	: 64
address sizes	: 36 bits physical, 48 bits virtual
power management:

processor	: 1
vendor_id	: GenuineIntel
cpu family	: 6
model		: 42
model name	: Intel(R) Pentium(R) CPU G620 @ 2.60GHz
stepping	: 7
microcode	: 0x29
cpu MHz		: 2600.000
cache size	: 3072 KB
physical id	: 0
siblings	: 2
core id		: 1
cpu cores	: 2
apicid		: 2
initial apicid	: 2
fdiv_bug	: no
hlt_bug		: no
f00f_bug	: no
coma_bug	: no
fpu		: yes
fpu_exception	: yes
cpuid level	: 13
wp		: yes
flags		: fpu vme de pse tsc msr pae mce cx8 apic sep mtrr pge mca cmov pat pse36 clflush dts acpi mmx fxsr sse sse2 ss ht tm pbe nx rdtscp lm constant_tsc arch_perfmon pebs bts xtopology nonstop_tsc aperfmperf pni pclmulqdq dtes64 monitor ds_cpl vmx est tm2 ssse3 cx16 xtpr pdcm pcid sse4_1 sse4_2 popcnt tsc_deadline_timer xsave lahf_lm arat epb xsaveopt pln pts dtherm tpr_shadow vnmi flexpriority ept vpid
bogomips	: 5187.97
clflush size	: 64
cache_alignment	: 64
address sizes	: 36 bits physical, 48 bits virtual
power management:



Memory: 4k page, physical 1966056k(261508k free), swap 2077400k(2077400k free)

vm_info: OpenJDK Server VM (23.25-b01) for linux-x86 JRE (1.6.0_31-b31), built on Apr 23 2014 14:29:13 by "jmm" with gcc 4.7.2

time: Tue Jan  6 10:59:05 2015
elapsed time: 0 seconds

